<?xml version="1.0" encoding="UTF-8" ?>
<testsuite errors="1" failures="0" hostname="DESKTOP-16O0SVF" name="sample.junit.CalculatorTestSuccessful" skipped="0" tests="1" time="0.082" timestamp="2018-10-04T22:39:16">
  <properties>
[...]
</properties>
  <testcase classname="sample.junit.CalculatorTestSuccessful" name="initializationError" time="0.008">
    <error message="No runnable methods" type="java.lang.Exception">java.lang.Exception: No runnable methods
	at java.lang.reflect.Constructor.newInstance(Constructor.java:423)
</error>
  </testcase>
  <system-out><![CDATA[]]></system-out>
  <system-err><![CDATA[]]></system-err>
</testsuite>
